# JRE version: OpenJDK Runtime Environment Temurin-21.0.10+7 (21.0.10+7) (build 21.0.10+7-LTS)
# Java VM: OpenJDK 64-Bit Server VM Temurin-21.0.10+7 (21.0.10+7-LTS, mixed mode, sharing, tiered, compressed oops, compressed class ptrs, parallel gc, windows-amd64)
GC Precious Log:
 CardTable entry size: 512
 CPUs: 16 total, 16 available
 Memory: 5989M
 Large Page Support: Disabled
 NUMA Support: Disabled
 Compressed Oops: Enabled (32-bit)
 Alignments: Space 512K, Generation 512K, Heap 2M
 Heap Min Capacity: 100M
 Heap Initial Capacity: 100M
 Heap Max Capacity: 2G
 Pre-touch: Disabled
 Parallel Workers: 13
Heap:
 PSYoungGen      total 4096K, used 4069K [0x00000000d5580000, 0x00000000d6700000, 0x0000000100000000)
  eden space 2560K, 99% used [0x00000000d5580000,0x00000000d57fa2f8,0x00000000d5800000)
  from space 1536K, 99% used [0x00000000d5e00000,0x00000000d5f7f1e8,0x00000000d5f80000)
  to   space 6144K, 0% used [0x00000000d5800000,0x00000000d5800000,0x00000000d5e00000)
 ParOldGen       total 894976K, used 449553K [0x0000000080000000, 0x00000000b6a00000, 0x00000000d5580000)
  object space 894976K, 50% used [0x0000000080000000,0x000000009b704618,0x00000000b6a00000)
 Metaspace       used 89507K, committed 91328K, reserved 1179648K
  class space    used 9372K, committed 10176K, reserved 1048576K
GC Heap History (20 events):
Event: 3851.766 GC heap before
{Heap before GC invocations=1881 (full 4):
 PSYoungGen      total 2560K, used 2551K [0x00000000d5580000, 0x00000000d5b80000, 0x0000000100000000)
  eden space 2048K, 99% used [0x00000000d5580000,0x00000000d577fff8,0x00000000d5780000)
  from space 512K, 98% used [0x00000000d5980000,0x00000000d59fe000,0x00000000d5a00000)
  to   space 2048K, 0% used [0x00000000d5780000,0x00000000d5780000,0x00000000d5980000)
 ParOldGen       total 894976K, used 330294K [0x0000000080000000, 0x00000000b6a00000, 0x00000000d5580000)
  object space 894976K, 36% used [0x0000000080000000,0x000000009428db40,0x00000000b6a00000)
 Metaspace       used 89386K, committed 91136K, reserved 1179648K
  class space    used 9371K, committed 10176K, reserved 1048576K
}
Event: 3851.769 GC heap after
{Heap after GC invocations=1881 (full 4):
 PSYoungGen      total 4096K, used 2026K [0x00000000d5580000, 0x00000000d5d00000, 0x0000000100000000)
  eden space 2048K, 0% used [0x00000000d5580000,0x00000000d5580000,0x00000000d5780000)
  from space 2048K, 98% used [0x00000000d5780000,0x00000000d597a868,0x00000000d5980000)
  to   space 2560K, 0% used [0x00000000d5a80000,0x00000000d5a80000,0x00000000d5d00000)
 ParOldGen       total 894976K, used 330582K [0x0000000080000000, 0x00000000b6a00000, 0x00000000d5580000)
  object space 894976K, 36% used [0x0000000080000000,0x00000000942d5b60,0x00000000b6a00000)
 Metaspace       used 89386K, committed 91136K, reserved 1179648K
  class space    used 9371K, committed 10176K, reserved 1048576K
}
Event: 3851.797 GC heap before
{Heap before GC invocations=1882 (full 4):
 PSYoungGen      total 4096K, used 3622K [0x00000000d5580000, 0x00000000d5d00000, 0x0000000100000000)
  eden space 2048K, 77% used [0x00000000d5580000,0x00000000d570f220,0x00000000d5780000)
  from space 2048K, 98% used [0x00000000d5780000,0x00000000d597a868,0x00000000d5980000)
  to   space 2560K, 0% used [0x00000000d5a80000,0x00000000d5a80000,0x00000000d5d00000)
 ParOldGen       total 894976K, used 331702K [0x0000000080000000, 0x00000000b6a00000, 0x00000000d5580000)
  object space 894976K, 37% used [0x0000000080000000,0x00000000943edb60,0x00000000b6a00000)
 Metaspace       used 89386K, committed 91136K, reserved 1179648K
  class space    used 9371K, committed 10176K, reserved 1048576K
}
Event: 3851.805 GC heap after
{Heap after GC invocations=1882 (full 4):
 PSYoungGen      total 4608K, used 1755K [0x00000000d5580000, 0x00000000d5c80000, 0x0000000100000000)
  eden space 2560K, 0% used [0x00000000d5580000,0x00000000d5580000,0x00000000d5800000)
  from space 2048K, 85% used [0x00000000d5a80000,0x00000000d5c36f00,0x00000000d5c80000)
  to   space 2048K, 0% used [0x00000000d5880000,0x00000000d5880000,0x00000000d5a80000)
 ParOldGen       total 894976K, used 333723K [0x0000000080000000, 0x00000000b6a00000, 0x00000000d5580000)
  object space 894976K, 37% used [0x0000000080000000,0x00000000945e6ed8,0x00000000b6a00000)
 Metaspace       used 89386K, committed 91136K, reserved 1179648K
  class space    used 9371K, committed 10176K, reserved 1048576K
}
Event: 3851.822 GC heap before
{Heap before GC invocations=1883 (full 4):
 PSYoungGen      total 4608K, used 4291K [0x00000000d5580000, 0x00000000d5c80000, 0x0000000100000000)
  eden space 2560K, 99% used [0x00000000d5580000,0x00000000d57f9e98,0x00000000d5800000)
  from space 2048K, 85% used [0x00000000d5a80000,0x00000000d5c36f00,0x00000000d5c80000)
  to   space 2048K, 0% used [0x00000000d5880000,0x00000000d5880000,0x00000000d5a80000)
 ParOldGen       total 894976K, used 333723K [0x0000000080000000, 0x00000000b6a00000, 0x00000000d5580000)
  object space 894976K, 37% used [0x0000000080000000,0x00000000945e6ed8,0x00000000b6a00000)
 Metaspace       used 89386K, committed 91136K, reserved 1179648K
  class space    used 9371K, committed 10176K, reserved 1048576K
}
Event: 3851.833 GC heap after
{Heap after GC invocations=1883 (full 4):
 PSYoungGen      total 5120K, used 2009K [0x00000000d5580000, 0x00000000d5d80000, 0x0000000100000000)
  eden space 3072K, 0% used [0x00000000d5580000,0x00000000d5580000,0x00000000d5880000)
  from space 2048K, 98% used [0x00000000d5880000,0x00000000d5a76758,0x00000000d5a80000)
  to   space 2560K, 0% used [0x00000000d5b00000,0x00000000d5b00000,0x00000000d5d80000)
 ParOldGen       total 894976K, used 336056K [0x0000000080000000, 0x00000000b6a00000, 0x00000000d5580000)
  object space 894976K, 37% used [0x0000000080000000,0x000000009482e090,0x00000000b6a00000)
 Metaspace       used 89386K, committed 91136K, reserved 1179648K
  class space    used 9371K, committed 10176K, reserved 1048576K
}
Event: 3851.900 GC heap before
{Heap before GC invocations=1884 (full 4):
 PSYoungGen      total 5120K, used 5081K [0x00000000d5580000, 0x00000000d5d80000, 0x0000000100000000)
  eden space 3072K, 100% used [0x00000000d5580000,0x00000000d5880000,0x00000000d5880000)
  from space 2048K, 98% used [0x00000000d5880000,0x00000000d5a76758,0x00000000d5a80000)
  to   space 2560K, 0% used [0x00000000d5b00000,0x00000000d5b00000,0x00000000d5d80000)
 ParOldGen       total 894976K, used 336056K [0x0000000080000000, 0x00000000b6a00000, 0x00000000d5580000)
  object space 894976K, 37% used [0x0000000080000000,0x000000009482e090,0x00000000b6a00000)
 Metaspace       used 89392K, committed 91136K, reserved 1179648K
  class space    used 9371K, committed 10176K, reserved 1048576K
}
Event: 3851.916 GC heap after
{Heap after GC invocations=1884 (full 4):
 PSYoungGen      total 5632K, used 2218K [0x00000000d5580000, 0x00000000d5e80000, 0x0000000100000000)
  eden space 3072K, 0% used [0x00000000d5580000,0x00000000d5580000,0x00000000d5880000)
  from space 2560K, 86% used [0x00000000d5b00000,0x00000000d5d2a908,0x00000000d5d80000)
  to   space 2560K, 0% used [0x00000000d5880000,0x00000000d5880000,0x00000000d5b00000)
 ParOldGen       total 894976K, used 340080K [0x0000000080000000, 0x00000000b6a00000, 0x00000000d5580000)
  object space 894976K, 37% used [0x0000000080000000,0x0000000094c1c2e0,0x00000000b6a00000)
 Metaspace       used 89392K, committed 91136K, reserved 1179648K
  class space    used 9371K, committed 10176K, reserved 1048576K
}
Event: 3851.936 GC heap before
{Heap before GC invocations=1885 (full 4):
 PSYoungGen      total 5632K, used 5290K [0x00000000d5580000, 0x00000000d5e80000, 0x0000000100000000)
  eden space 3072K, 99% used [0x00000000d5580000,0x00000000d587ffa8,0x00000000d5880000)
  from space 2560K, 86% used [0x00000000d5b00000,0x00000000d5d2a908,0x00000000d5d80000)
  to   space 2560K, 0% used [0x00000000d5880000,0x00000000d5880000,0x00000000d5b00000)
 ParOldGen       total 894976K, used 340080K [0x0000000080000000, 0x00000000b6a00000, 0x00000000d5580000)
  object space 894976K, 37% used [0x0000000080000000,0x0000000094c1c2e0,0x00000000b6a00000)
 Metaspace       used 89393K, committed 91136K, reserved 1179648K
  class space    used 9371K, committed 10176K, reserved 1048576K
}
Event: 3851.943 GC heap after
{Heap after GC invocations=1885 (full 4):
 PSYoungGen      total 5632K, used 2534K [0x00000000d5580000, 0x00000000d6480000, 0x0000000100000000)
  eden space 3072K, 0% used [0x00000000d5580000,0x00000000d5580000,0x00000000d5880000)
  from space 2560K, 98% used [0x00000000d5880000,0x00000000d5af9820,0x00000000d5b00000)
  to   space 5632K, 0% used [0x00000000d5f00000,0x00000000d5f00000,0x00000000d6480000)
 ParOldGen       total 894976K, used 342288K [0x0000000080000000, 0x00000000b6a00000, 0x00000000d5580000)
  object space 894976K, 38% used [0x0000000080000000,0x0000000094e441c0,0x00000000b6a00000)
 Metaspace       used 89393K, committed 91136K, reserved 1179648K
  class space    used 9371K, committed 10176K, reserved 1048576K
}
Event: 3851.960 GC heap before
{Heap before GC invocations=1886 (full 4):
 PSYoungGen      total 5632K, used 5606K [0x00000000d5580000, 0x00000000d6480000, 0x0000000100000000)
  eden space 3072K, 100% used [0x00000000d5580000,0x00000000d5880000,0x00000000d5880000)
  from space 2560K, 98% used [0x00000000d5880000,0x00000000d5af9820,0x00000000d5b00000)
  to   space 5632K, 0% used [0x00000000d5f00000,0x00000000d5f00000,0x00000000d6480000)
 ParOldGen       total 894976K, used 342288K [0x0000000080000000, 0x00000000b6a00000, 0x00000000d5580000)
  object space 894976K, 38% used [0x0000000080000000,0x0000000094e441c0,0x00000000b6a00000)
 Metaspace       used 89397K, committed 91200K, reserved 1179648K
  class space    used 9371K, committed 10176K, reserved 1048576K
}
Event: 3851.973 GC heap after
{Heap after GC invocations=1886 (full 4):
 PSYoungGen      total 7168K, used 3008K [0x00000000d5580000, 0x00000000d6200000, 0x0000000100000000)
  eden space 4096K, 0% used [0x00000000d5580000,0x00000000d5580000,0x00000000d5980000)
  from space 3072K, 97% used [0x00000000d5f00000,0x00000000d61f0000,0x00000000d6200000)
  to   space 4096K, 0% used [0x00000000d5a00000,0x00000000d5a00000,0x00000000d5e00000)
 ParOldGen       total 894976K, used 344886K [0x0000000080000000, 0x00000000b6a00000, 0x00000000d5580000)
  object space 894976K, 38% used [0x0000000080000000,0x00000000950cd9e0,0x00000000b6a00000)
 Metaspace       used 89397K, committed 91200K, reserved 1179648K
  class space    used 9371K, committed 10176K, reserved 1048576K
}
Event: 3851.989 GC heap before
{Heap before GC invocations=1887 (full 4):
 PSYoungGen      total 7168K, used 7104K [0x00000000d5580000, 0x00000000d6200000, 0x0000000100000000)
  eden space 4096K, 100% used [0x00000000d5580000,0x00000000d5980000,0x00000000d5980000)
  from space 3072K, 97% used [0x00000000d5f00000,0x00000000d61f0000,0x00000000d6200000)
  to   space 4096K, 0% used [0x00000000d5a00000,0x00000000d5a00000,0x00000000d5e00000)
 ParOldGen       total 894976K, used 344886K [0x0000000080000000, 0x00000000b6a00000, 0x00000000d5580000)
  object space 894976K, 38% used [0x0000000080000000,0x00000000950cd9e0,0x00000000b6a00000)
 Metaspace       used 89400K, committed 91200K, reserved 1179648K
  class space    used 9371K, committed 10176K, reserved 1048576K
}
Event: 3852.000 GC heap after
{Heap after GC invocations=1887 (full 4):
 PSYoungGen      total 8704K, used 3744K [0x00000000d5580000, 0x00000000d6280000, 0x0000000100000000)
  eden space 4608K, 0% used [0x00000000d5580000,0x00000000d5580000,0x00000000d5a00000)
  from space 4096K, 91% used [0x00000000d5a00000,0x00000000d5da8000,0x00000000d5e00000)
  to   space 4096K, 0% used [0x00000000d5e80000,0x00000000d5e80000,0x00000000d6280000)
 ParOldGen       total 894976K, used 347714K [0x0000000080000000, 0x00000000b6a00000, 0x00000000d5580000)
  object space 894976K, 38% used [0x0000000080000000,0x00000000953909f0,0x00000000b6a00000)
 Metaspace       used 89400K, committed 91200K, reserved 1179648K
  class space    used 9371K, committed 10176K, reserved 1048576K
}
Event: 3852.117 GC heap before
{Heap before GC invocations=1888 (full 4):
 PSYoungGen      total 8704K, used 8352K [0x00000000d5580000, 0x00000000d6280000, 0x0000000100000000)
  eden space 4608K, 100% used [0x00000000d5580000,0x00000000d5a00000,0x00000000d5a00000)
  from space 4096K, 91% used [0x00000000d5a00000,0x00000000d5da8000,0x00000000d5e00000)
  to   space 4096K, 0% used [0x00000000d5e80000,0x00000000d5e80000,0x00000000d6280000)
 ParOldGen       total 894976K, used 355394K [0x0000000080000000, 0x00000000b6a00000, 0x00000000d5580000)
  object space 894976K, 39% used [0x0000000080000000,0x0000000095b10a00,0x00000000b6a00000)
 Metaspace       used 89414K, committed 91200K, reserved 1179648K
  class space    used 9371K, committed 10176K, reserved 1048576K
}
Event: 3852.129 GC heap after
{Heap after GC invocations=1888 (full 4):
 PSYoungGen      total 9216K, used 2800K [0x00000000d5580000, 0x00000000d6200000, 0x0000000100000000)
  eden space 5632K, 0% used [0x00000000d5580000,0x00000000d5580000,0x00000000d5b00000)
  from space 3584K, 78% used [0x00000000d5e80000,0x00000000d613c010,0x00000000d6200000)
  to   space 3584K, 0% used [0x00000000d5b00000,0x00000000d5b00000,0x00000000d5e80000)
 ParOldGen       total 894976K, used 359042K [0x0000000080000000, 0x00000000b6a00000, 0x00000000d5580000)
  object space 894976K, 40% used [0x0000000080000000,0x0000000095ea0a00,0x00000000b6a00000)
 Metaspace       used 89414K, committed 91200K, reserved 1179648K
  class space    used 9371K, committed 10176K, reserved 1048576K
}
Event: 3853.806 GC heap before
{Heap before GC invocations=1889 (full 4):
 PSYoungGen      total 9216K, used 8345K [0x00000000d5580000, 0x00000000d6200000, 0x0000000100000000)
  eden space 5632K, 98% used [0x00000000d5580000,0x00000000d5aea698,0x00000000d5b00000)
  from space 3584K, 78% used [0x00000000d5e80000,0x00000000d613c010,0x00000000d6200000)
  to   space 3584K, 0% used [0x00000000d5b00000,0x00000000d5b00000,0x00000000d5e80000)
 ParOldGen       total 894976K, used 443522K [0x0000000080000000, 0x00000000b6a00000, 0x00000000d5580000)
  object space 894976K, 49% used [0x0000000080000000,0x000000009b120a80,0x00000000b6a00000)
 Metaspace       used 89422K, committed 91200K, reserved 1179648K
  class space    used 9371K, committed 10176K, reserved 1048576K
}
Event: 3853.815 GC heap after
{Heap after GC invocations=1889 (full 4):
 PSYoungGen      total 6656K, used 608K [0x00000000d5580000, 0x00000000d5f80000, 0x0000000100000000)
  eden space 5632K, 0% used [0x00000000d5580000,0x00000000d5580000,0x00000000d5b00000)
  from space 1024K, 59% used [0x00000000d5b00000,0x00000000d5b98060,0x00000000d5c00000)
  to   space 1536K, 0% used [0x00000000d5e00000,0x00000000d5e00000,0x00000000d5f80000)
 ParOldGen       total 894976K, used 446011K [0x0000000080000000, 0x00000000b6a00000, 0x00000000d5580000)
  object space 894976K, 49% used [0x0000000080000000,0x000000009b38ed80,0x00000000b6a00000)
 Metaspace       used 89422K, committed 91200K, reserved 1179648K
  class space    used 9371K, committed 10176K, reserved 1048576K
}
Event: 3853.846 GC heap before
{Heap before GC invocations=1890 (full 4):
 PSYoungGen      total 6656K, used 6240K [0x00000000d5580000, 0x00000000d5f80000, 0x0000000100000000)
  eden space 5632K, 100% used [0x00000000d5580000,0x00000000d5b00000,0x00000000d5b00000)
  from space 1024K, 59% used [0x00000000d5b00000,0x00000000d5b98060,0x00000000d5c00000)
  to   space 1536K, 0% used [0x00000000d5e00000,0x00000000d5e00000,0x00000000d5f80000)
 ParOldGen       total 894976K, used 446011K [0x0000000080000000, 0x00000000b6a00000, 0x00000000d5580000)
  object space 894976K, 49% used [0x0000000080000000,0x000000009b38ed80,0x00000000b6a00000)
 Metaspace       used 89426K, committed 91200K, reserved 1179648K
  class space    used 9371K, committed 10176K, reserved 1048576K
}
Event: 3853.853 GC heap after
{Heap after GC invocations=1890 (full 4):
 PSYoungGen      total 4096K, used 1532K [0x00000000d5580000, 0x00000000d6700000, 0x0000000100000000)
  eden space 2560K, 0% used [0x00000000d5580000,0x00000000d5580000,0x00000000d5800000)
  from space 1536K, 99% used [0x00000000d5e00000,0x00000000d5f7f1e8,0x00000000d5f80000)
  to   space 6144K, 0% used [0x00000000d5800000,0x00000000d5800000,0x00000000d5e00000)
 ParOldGen       total 894976K, used 449553K [0x0000000080000000, 0x00000000b6a00000, 0x00000000d5580000)
  object space 894976K, 50% used [0x0000000080000000,0x000000009b704618,0x00000000b6a00000)
 Metaspace       used 89426K, committed 91200K, reserved 1179648K
  class space    used 9371K, committed 10176K, reserved 1048576K
}

